This file contains any messages produced by compilers while
running configure, to aid debugging if configure makes a mistake.

It was created by nxcl configure 1.0, which was
generated by GNU Autoconf 2.61.  Invocation command line was

  $ ./configure --prefix=/root/nxcl_samba/nxcl/DEBS/nxcl

## --------- ##
## Platform. ##
## --------- ##

hostname = dotovh-compilation
uname -m = i686
uname -r = 2.6.18-14-ovz-686-smp
uname -s = Linux
uname -v = #1 SMP Thu Jan 1 23:42:40 UTC 2009

/usr/bin/uname -p = unknown
/bin/uname -X     = unknown

/bin/arch              = unknown
/usr/bin/arch -k       = unknown
/usr/convex/getsysinfo = unknown
/usr/bin/hostinfo      = unknown
/bin/machine           = unknown
/usr/bin/oslevel       = unknown
/bin/universe          = unknown

PATH: /bin
PATH: /sbin
PATH: /usr/bin
PATH: /usr/sbin


## ----------- ##
## Core tests. ##
## ----------- ##

configure:2010: checking for a BSD-compatible install
configure:2066: result: /usr/bin/install -c
configure:2077: checking whether build environment is sane
configure:2120: result: yes
configure:2148: checking for a thread-safe mkdir -p
configure:2187: result: /bin/mkdir -p
configure:2200: checking for gawk
configure:2216: found /usr/bin/gawk
configure:2227: result: gawk
configure:2238: checking whether make sets $(MAKE)
configure:2259: result: yes
configure:2450: checking whether to enable maintainer-specific portions of Makefiles
configure:2459: result: no
configure:2538: checking for g++
configure:2554: found /usr/bin/g++
configure:2565: result: g++
configure:2596: checking for C++ compiler version
configure:2603: g++ --version >&5
g++ (GCC) 4.2.4 (Ubuntu 4.2.4-1ubuntu3)
Copyright (C) 2007 Free Software Foundation, Inc.
This is free software; see the source for copying conditions.  There is NO
warranty; not even for MERCHANTABILITY or FITNESS FOR A PARTICULAR PURPOSE.

configure:2606: $? = 0
configure:2613: g++ -v >&5
Using built-in specs.
Target: i486-linux-gnu
Configured with: ../src/configure -v --enable-languages=c,c++,fortran,objc,obj-c++,treelang --prefix=/usr --enable-shared --with-system-zlib --libexecdir=/usr/lib --without-included-gettext --enable-threads=posix --enable-nls --with-gxx-include-dir=/usr/include/c++/4.2 --program-suffix=-4.2 --enable-clocale=gnu --enable-libstdcxx-debug --enable-objc-gc --enable-mpfr --enable-targets=all --enable-checking=release --build=i486-linux-gnu --host=i486-linux-gnu --target=i486-linux-gnu
Thread model: posix
gcc version 4.2.4 (Ubuntu 4.2.4-1ubuntu3)
configure:2616: $? = 0
configure:2623: g++ -V >&5
g++: '-V' option must have argument
configure:2626: $? = 1
configure:2649: checking for C++ compiler default output file name
configure:2676: g++    conftest.cpp  >&5
configure:2679: $? = 0
configure:2717: result: a.out
configure:2734: checking whether the C++ compiler works
configure:2744: ./a.out
configure:2747: $? = 0
configure:2764: result: yes
configure:2771: checking whether we are cross compiling
configure:2773: result: no
configure:2776: checking for suffix of executables
configure:2783: g++ -o conftest    conftest.cpp  >&5
configure:2786: $? = 0
configure:2810: result: 
configure:2816: checking for suffix of object files
configure:2842: g++ -c   conftest.cpp >&5
configure:2845: $? = 0
configure:2868: result: o
configure:2872: checking whether we are using the GNU C++ compiler
configure:2901: g++ -c   conftest.cpp >&5
configure:2907: $? = 0
configure:2924: result: yes
configure:2929: checking whether g++ accepts -g
configure:2959: g++ -c -g  conftest.cpp >&5
configure:2965: $? = 0
configure:3064: result: yes
configure:3098: checking for style of include used by make
configure:3126: result: GNU
configure:3151: checking dependency style of g++
configure:3242: result: gcc3
configure:3305: checking for gcc
configure:3321: found /usr/bin/gcc
configure:3332: result: gcc
configure:3570: checking for C compiler version
configure:3577: gcc --version >&5
gcc (GCC) 4.2.4 (Ubuntu 4.2.4-1ubuntu3)
Copyright (C) 2007 Free Software Foundation, Inc.
This is free software; see the source for copying conditions.  There is NO
warranty; not even for MERCHANTABILITY or FITNESS FOR A PARTICULAR PURPOSE.

configure:3580: $? = 0
configure:3587: gcc -v >&5
Using built-in specs.
Target: i486-linux-gnu
Configured with: ../src/configure -v --enable-languages=c,c++,fortran,objc,obj-c++,treelang --prefix=/usr --enable-shared --with-system-zlib --libexecdir=/usr/lib --without-included-gettext --enable-threads=posix --enable-nls --with-gxx-include-dir=/usr/include/c++/4.2 --program-suffix=-4.2 --enable-clocale=gnu --enable-libstdcxx-debug --enable-objc-gc --enable-mpfr --enable-targets=all --enable-checking=release --build=i486-linux-gnu --host=i486-linux-gnu --target=i486-linux-gnu
Thread model: posix
gcc version 4.2.4 (Ubuntu 4.2.4-1ubuntu3)
configure:3590: $? = 0
configure:3597: gcc -V >&5
gcc: '-V' option must have argument
configure:3600: $? = 1
configure:3603: checking whether we are using the GNU C compiler
configure:3632: gcc -c   conftest.c >&5
configure:3638: $? = 0
configure:3655: result: yes
configure:3660: checking whether gcc accepts -g
configure:3690: gcc -c -g  conftest.c >&5
configure:3696: $? = 0
configure:3795: result: yes
configure:3812: checking for gcc option to accept ISO C89
configure:3886: gcc  -c -g -O2  conftest.c >&5
configure:3892: $? = 0
configure:3915: result: none needed
configure:3935: checking dependency style of gcc
configure:4026: result: gcc3
configure:4054: checking for a BSD-compatible install
configure:4110: result: /usr/bin/install -c
configure:4152: checking build system type
configure:4170: result: i686-pc-linux-gnu
configure:4192: checking host system type
configure:4207: result: i686-pc-linux-gnu
configure:4229: checking for a sed that does not truncate output
configure:4308: result: /bin/sed
configure:4326: checking for grep that handles long lines and -e
configure:4400: result: /bin/grep
configure:4405: checking for egrep
configure:4483: result: /bin/grep -E
configure:4488: checking for fgrep
configure:4566: result: /bin/grep -F
configure:4601: checking for ld used by gcc
configure:4668: result: /usr/bin/ld
configure:4677: checking if the linker (/usr/bin/ld) is GNU ld
configure:4692: result: yes
configure:4704: checking for BSD- or MS-compatible name lister (nm)
configure:4753: result: /usr/bin/nm -B
configure:4875: checking the name lister (/usr/bin/nm -B) interface
configure:4882: g++ -c -g -O2  conftest.cpp >&5
configure:4885: /usr/bin/nm -B "conftest.o"
configure:4888: output
00000000 B some_variable
configure:4895: result: BSD nm
configure:4898: checking whether ln -s works
configure:4902: result: yes
configure:4910: checking the maximum length of command line arguments
configure:5030: result: 98304
configure:5047: checking whether the shell understands some XSI constructs
configure:5057: result: yes
configure:5061: checking whether the shell understands "+="
configure:5067: result: yes
configure:5102: checking for /usr/bin/ld option to reload object files
configure:5109: result: -r
configure:5178: checking for objdump
configure:5194: found /usr/bin/objdump
configure:5205: result: objdump
configure:5241: checking how to recognize dependent libraries
configure:5437: result: pass_all
configure:5497: checking for ar
configure:5513: found /usr/bin/ar
configure:5524: result: ar
configure:5606: checking for strip
configure:5622: found /usr/bin/strip
configure:5633: result: strip
configure:5709: checking for ranlib
configure:5725: found /usr/bin/ranlib
configure:5736: result: ranlib
configure:5830: checking command to parse /usr/bin/nm -B output from gcc object
configure:5948: g++ -c -g -O2  conftest.cpp >&5
configure:5951: $? = 0
configure:5955: /usr/bin/nm -B conftest.o \| sed -n -e 's/^.*[	 ]\([ABCDGIRSTW][ABCDGIRSTW]*\)[	 ][	 ]*\([_A-Za-z][_A-Za-z0-9]*\)$/\1 \2 \2/p' \> conftest.nm
configure:5958: $? = 0
configure:6012: g++ -o conftest -g -O2   conftest.cpp conftstm.o >&5
configure:6015: $? = 0
configure:6053: result: ok
configure:6932: checking how to run the C preprocessor
configure:6972: gcc -E  conftest.c
configure:6978: $? = 0
configure:7009: gcc -E  conftest.c
conftest.c:10:28: error: ac_nonexistent.h: No such file or directory
configure:7015: $? = 1
configure: failed program was:
| /* confdefs.h.  */
| #define PACKAGE_NAME "nxcl"
| #define PACKAGE_TARNAME "nxcl"
| #define PACKAGE_VERSION "1.0"
| #define PACKAGE_STRING "nxcl 1.0"
| #define PACKAGE_BUGREPORT "seb@esfnet.co.uk"
| #define PACKAGE "nxcl"
| #define VERSION "1.0"
| /* end confdefs.h.  */
| #include <ac_nonexistent.h>
configure:7048: result: gcc -E
configure:7077: gcc -E  conftest.c
configure:7083: $? = 0
configure:7114: gcc -E  conftest.c
conftest.c:10:28: error: ac_nonexistent.h: No such file or directory
configure:7120: $? = 1
configure: failed program was:
| /* confdefs.h.  */
| #define PACKAGE_NAME "nxcl"
| #define PACKAGE_TARNAME "nxcl"
| #define PACKAGE_VERSION "1.0"
| #define PACKAGE_STRING "nxcl 1.0"
| #define PACKAGE_BUGREPORT "seb@esfnet.co.uk"
| #define PACKAGE "nxcl"
| #define VERSION "1.0"
| /* end confdefs.h.  */
| #include <ac_nonexistent.h>
configure:7158: checking for ANSI C header files
configure:7188: gcc -c -g -O2  conftest.c >&5
configure:7194: $? = 0
configure:7293: gcc -o conftest -g -O2   conftest.c  >&5
configure:7296: $? = 0
configure:7302: ./conftest
configure:7305: $? = 0
configure:7322: result: yes
configure:7346: checking for sys/types.h
configure:7367: gcc -c -g -O2  conftest.c >&5
configure:7373: $? = 0
configure:7389: result: yes
configure:7346: checking for sys/stat.h
configure:7367: gcc -c -g -O2  conftest.c >&5
configure:7373: $? = 0
configure:7389: result: yes
configure:7346: checking for stdlib.h
configure:7367: gcc -c -g -O2  conftest.c >&5
configure:7373: $? = 0
configure:7389: result: yes
configure:7346: checking for string.h
configure:7367: gcc -c -g -O2  conftest.c >&5
configure:7373: $? = 0
configure:7389: result: yes
configure:7346: checking for memory.h
configure:7367: gcc -c -g -O2  conftest.c >&5
configure:7373: $? = 0
configure:7389: result: yes
configure:7346: checking for strings.h
configure:7367: gcc -c -g -O2  conftest.c >&5
configure:7373: $? = 0
configure:7389: result: yes
configure:7346: checking for inttypes.h
configure:7367: gcc -c -g -O2  conftest.c >&5
configure:7373: $? = 0
configure:7389: result: yes
configure:7346: checking for stdint.h
configure:7367: gcc -c -g -O2  conftest.c >&5
configure:7373: $? = 0
configure:7389: result: yes
configure:7346: checking for unistd.h
configure:7367: gcc -c -g -O2  conftest.c >&5
configure:7373: $? = 0
configure:7389: result: yes
configure:7405: checking for dlfcn.h
configure:7426: gcc -c -g -O2  conftest.c >&5
configure:7432: $? = 0
configure:7448: result: yes
configure:7577: checking for C++ compiler version
configure:7584: g++ --version >&5
g++ (GCC) 4.2.4 (Ubuntu 4.2.4-1ubuntu3)
Copyright (C) 2007 Free Software Foundation, Inc.
This is free software; see the source for copying conditions.  There is NO
warranty; not even for MERCHANTABILITY or FITNESS FOR A PARTICULAR PURPOSE.

configure:7587: $? = 0
configure:7594: g++ -v >&5
Using built-in specs.
Target: i486-linux-gnu
Configured with: ../src/configure -v --enable-languages=c,c++,fortran,objc,obj-c++,treelang --prefix=/usr --enable-shared --with-system-zlib --libexecdir=/usr/lib --without-included-gettext --enable-threads=posix --enable-nls --with-gxx-include-dir=/usr/include/c++/4.2 --program-suffix=-4.2 --enable-clocale=gnu --enable-libstdcxx-debug --enable-objc-gc --enable-mpfr --enable-targets=all --enable-checking=release --build=i486-linux-gnu --host=i486-linux-gnu --target=i486-linux-gnu
Thread model: posix
gcc version 4.2.4 (Ubuntu 4.2.4-1ubuntu3)
configure:7597: $? = 0
configure:7604: g++ -V >&5
g++: '-V' option must have argument
configure:7607: $? = 1
configure:7610: checking whether we are using the GNU C++ compiler
configure:7662: result: yes
configure:7667: checking whether g++ accepts -g
configure:7802: result: yes
configure:7827: checking dependency style of g++
configure:7918: result: gcc3
configure:7941: checking how to run the C++ preprocessor
configure:7977: g++ -E  conftest.cpp
configure:7983: $? = 0
configure:8014: g++ -E  conftest.cpp
conftest.cpp:21:28: error: ac_nonexistent.h: No such file or directory
configure:8020: $? = 1
configure: failed program was:
| /* confdefs.h.  */
| #define PACKAGE_NAME "nxcl"
| #define PACKAGE_TARNAME "nxcl"
| #define PACKAGE_VERSION "1.0"
| #define PACKAGE_STRING "nxcl 1.0"
| #define PACKAGE_BUGREPORT "seb@esfnet.co.uk"
| #define PACKAGE "nxcl"
| #define VERSION "1.0"
| #define STDC_HEADERS 1
| #define HAVE_SYS_TYPES_H 1
| #define HAVE_SYS_STAT_H 1
| #define HAVE_STDLIB_H 1
| #define HAVE_STRING_H 1
| #define HAVE_MEMORY_H 1
| #define HAVE_STRINGS_H 1
| #define HAVE_INTTYPES_H 1
| #define HAVE_STDINT_H 1
| #define HAVE_UNISTD_H 1
| #define HAVE_DLFCN_H 1
| /* end confdefs.h.  */
| #include <ac_nonexistent.h>
configure:8053: result: g++ -E
configure:8082: g++ -E  conftest.cpp
configure:8088: $? = 0
configure:8119: g++ -E  conftest.cpp
conftest.cpp:21:28: error: ac_nonexistent.h: No such file or directory
configure:8125: $? = 1
configure: failed program was:
| /* confdefs.h.  */
| #define PACKAGE_NAME "nxcl"
| #define PACKAGE_TARNAME "nxcl"
| #define PACKAGE_VERSION "1.0"
| #define PACKAGE_STRING "nxcl 1.0"
| #define PACKAGE_BUGREPORT "seb@esfnet.co.uk"
| #define PACKAGE "nxcl"
| #define VERSION "1.0"
| #define STDC_HEADERS 1
| #define HAVE_SYS_TYPES_H 1
| #define HAVE_SYS_STAT_H 1
| #define HAVE_STDLIB_H 1
| #define HAVE_STRING_H 1
| #define HAVE_MEMORY_H 1
| #define HAVE_STRINGS_H 1
| #define HAVE_INTTYPES_H 1
| #define HAVE_STDINT_H 1
| #define HAVE_UNISTD_H 1
| #define HAVE_DLFCN_H 1
| /* end confdefs.h.  */
| #include <ac_nonexistent.h>
configure:8337: checking for objdir
configure:8352: result: .libs
configure:8644: checking if gcc supports -fno-rtti -fno-exceptions
configure:8662: gcc -c -g -O2  -fno-rtti -fno-exceptions conftest.c >&5
cc1: warning: command line option "-fno-rtti" is valid for C++/ObjC++ but not for C
configure:8666: $? = 0
configure:8679: result: no
configure:8699: checking for gcc option to produce PIC
configure:8971: result: -fPIC -DPIC
configure:8983: checking if gcc PIC flag -fPIC -DPIC works
configure:9001: gcc -c -g -O2  -fPIC -DPIC -DPIC conftest.c >&5
configure:9005: $? = 0
configure:9018: result: yes
configure:9042: checking if gcc static flag -static works
configure:9070: result: yes
configure:9085: checking if gcc supports -c -o file.o
configure:9106: gcc -c -g -O2  -o out/conftest2.o conftest.c >&5
configure:9110: $? = 0
configure:9132: result: yes
configure:9140: checking if gcc supports -c -o file.o
configure:9187: result: yes
configure:9220: checking whether the gcc linker (/usr/bin/ld) supports shared libraries
configure:10286: result: yes
configure:10323: checking whether -lc should be explicitly linked in
configure:10328: gcc -c -g -O2  conftest.c >&5
configure:10331: $? = 0
configure:10346: gcc -shared conftest.o  -v -Wl,-soname -Wl,conftest -o conftest 2\>\&1 \| /bin/grep  -lc  \>/dev/null 2\>\&1
configure:10349: $? = 0
configure:10361: result: no
configure:10525: checking dynamic linker characteristics
configure:10968: gcc -o conftest -g -O2   -Wl,-rpath -Wl,/foo conftest.c  >&5
configure:10974: $? = 0
configure:11216: result: GNU/Linux ld.so
configure:11318: checking how to hardcode library paths into programs
configure:11343: result: immediate
configure:12148: checking whether stripping libraries is possible
configure:12153: result: yes
configure:12188: checking if libtool supports shared libraries
configure:12190: result: yes
configure:12193: checking whether to build shared libraries
configure:12214: result: yes
configure:12217: checking whether to build static libraries
configure:12221: result: yes
configure:12371: checking for ld used by g++
configure:12438: result: /usr/bin/ld
configure:12447: checking if the linker (/usr/bin/ld) is GNU ld
configure:12462: result: yes
configure:12517: checking whether the g++ linker (/usr/bin/ld) supports shared libraries
configure:13484: result: yes
configure:13512: g++ -c -g -O2  conftest.cpp >&5
configure:13515: $? = 0
configure:13697: checking for g++ option to produce PIC
configure:14014: result: -fPIC -DPIC
configure:14023: checking if g++ PIC flag -fPIC -DPIC works
configure:14041: g++ -c -g -O2  -fPIC -DPIC -DPIC conftest.cpp >&5
configure:14045: $? = 0
configure:14058: result: yes
configure:14079: checking if g++ static flag -static works
configure:14107: result: yes
configure:14119: checking if g++ supports -c -o file.o
configure:14140: g++ -c -g -O2  -o out/conftest2.o conftest.cpp >&5
configure:14144: $? = 0
configure:14166: result: yes
configure:14171: checking if g++ supports -c -o file.o
configure:14218: result: yes
configure:14248: checking whether the g++ linker (/usr/bin/ld) supports shared libraries
configure:14277: result: yes
configure:14414: checking dynamic linker characteristics
configure:14805: g++ -o conftest -g -O2   -Wl,-rpath -Wl,/foo conftest.cpp  >&5
configure:14811: $? = 0
configure:15053: result: GNU/Linux ld.so
configure:15104: checking how to hardcode library paths into programs
configure:15129: result: immediate
configure:15247: checking for pkg-config
configure:15265: found /usr/bin/pkg-config
configure:15277: result: /usr/bin/pkg-config
configure:15306: checking pkg-config is at least version 0.9.0
configure:15309: result: yes
configure:15322: checking for DBUS
configure:15332: $PKG_CONFIG --exists --print-errors "
                dbus-1
                "
Package dbus-1 was not found in the pkg-config search path.
Perhaps you should add the directory containing `dbus-1.pc'
to the PKG_CONFIG_PATH environment variable
No package 'dbus-1' found
configure:15337: $? = 1
configure:15356: $PKG_CONFIG --exists --print-errors "
                dbus-1
                "
Package dbus-1 was not found in the pkg-config search path.
Perhaps you should add the directory containing `dbus-1.pc'
to the PKG_CONFIG_PATH environment variable
No package 'dbus-1' found
configure:15361: $? = 1
No package 'dbus-1' found
configure:15395: result: no
configure:15454: checking for doxygen
configure:15470: found /usr/bin/doxygen
configure:15482: result: doxygen
configure:15502: checking for ANSI C header files
configure:15666: result: yes
configure:15676: checking whether time.h and sys/time.h may both be included
configure:15706: g++ -c -g -O2  conftest.cpp >&5
configure:15712: $? = 0
configure:15727: result: yes
configure:15743: checking for strftime
configure:15799: g++ -o conftest -g -O2   conftest.cpp  >&5
configure:15805: $? = 0
configure:15823: result: yes
configure:15743: checking for gettimeofday
configure:15799: g++ -o conftest -g -O2   conftest.cpp  >&5
configure:15805: $? = 0
configure:15823: result: yes
configure:15743: checking for uname
configure:15799: g++ -o conftest -g -O2   conftest.cpp  >&5
configure:15805: $? = 0
configure:15823: result: yes
configure:15834: checking host system type
configure:15849: result: i686-pc-linux-gnu
configure:15893: checking whether to use gcc verbose warnings
configure:15895: result: yes
configure:15914: checking whether to enable debugging output
configure:15916: result: no
configure:16117: creating ./config.status

## ---------------------- ##
## Running config.status. ##
## ---------------------- ##

This file was extended by nxcl config.status 1.0, which was
generated by GNU Autoconf 2.61.  Invocation command line was

  CONFIG_FILES    = 
  CONFIG_HEADERS  = 
  CONFIG_LINKS    = 
  CONFIG_COMMANDS = 
  $ ./config.status 

on dotovh-compilation

config.status:930: creating Makefile
config.status:930: creating lib/Makefile
config.status:930: creating nxcl/Makefile
config.status:930: creating test/Makefile
config.status:930: creating doc/Makefile
config.status:930: creating nxcl.pc
config.status:930: creating config.h
config.status:1166: config.h is unchanged
config.status:1213: executing depfiles commands
config.status:1213: executing libtool commands

## ---------------- ##
## Cache variables. ##
## ---------------- ##

ac_cv_build=i686-pc-linux-gnu
ac_cv_c_compiler_gnu=yes
ac_cv_cxx_compiler_gnu=yes
ac_cv_env_CCC_set=
ac_cv_env_CCC_value=
ac_cv_env_CC_set=
ac_cv_env_CC_value=
ac_cv_env_CFLAGS_set=
ac_cv_env_CFLAGS_value=
ac_cv_env_CPPFLAGS_set=
ac_cv_env_CPPFLAGS_value=
ac_cv_env_CPP_set=
ac_cv_env_CPP_value=
ac_cv_env_CXXCPP_set=
ac_cv_env_CXXCPP_value=
ac_cv_env_CXXFLAGS_set=
ac_cv_env_CXXFLAGS_value=
ac_cv_env_CXX_set=
ac_cv_env_CXX_value=
ac_cv_env_DBUS_CFLAGS_set=
ac_cv_env_DBUS_CFLAGS_value=
ac_cv_env_DBUS_LIBS_set=
ac_cv_env_DBUS_LIBS_value=
ac_cv_env_LDFLAGS_set=
ac_cv_env_LDFLAGS_value=
ac_cv_env_LIBS_set=
ac_cv_env_LIBS_value=
ac_cv_env_PKG_CONFIG_set=
ac_cv_env_PKG_CONFIG_value=
ac_cv_env_build_alias_set=
ac_cv_env_build_alias_value=
ac_cv_env_host_alias_set=
ac_cv_env_host_alias_value=
ac_cv_env_target_alias_set=
ac_cv_env_target_alias_value=
ac_cv_func_gettimeofday=yes
ac_cv_func_strftime=yes
ac_cv_func_uname=yes
ac_cv_header_dlfcn_h=yes
ac_cv_header_inttypes_h=yes
ac_cv_header_memory_h=yes
ac_cv_header_stdc=yes
ac_cv_header_stdint_h=yes
ac_cv_header_stdlib_h=yes
ac_cv_header_string_h=yes
ac_cv_header_strings_h=yes
ac_cv_header_sys_stat_h=yes
ac_cv_header_sys_types_h=yes
ac_cv_header_time=yes
ac_cv_header_unistd_h=yes
ac_cv_host=i686-pc-linux-gnu
ac_cv_objext=o
ac_cv_path_EGREP='/bin/grep -E'
ac_cv_path_FGREP='/bin/grep -F'
ac_cv_path_GREP=/bin/grep
ac_cv_path_SED=/bin/sed
ac_cv_path_ac_pt_PKG_CONFIG=/usr/bin/pkg-config
ac_cv_path_install='/usr/bin/install -c'
ac_cv_path_mkdir=/bin/mkdir
ac_cv_prog_AWK=gawk
ac_cv_prog_CPP='gcc -E'
ac_cv_prog_CXXCPP='g++ -E'
ac_cv_prog_DOXYGEN=doxygen
ac_cv_prog_ac_ct_AR=ar
ac_cv_prog_ac_ct_CC=gcc
ac_cv_prog_ac_ct_CXX=g++
ac_cv_prog_ac_ct_OBJDUMP=objdump
ac_cv_prog_ac_ct_RANLIB=ranlib
ac_cv_prog_ac_ct_STRIP=strip
ac_cv_prog_cc_c89=
ac_cv_prog_cc_g=yes
ac_cv_prog_cxx_g=yes
ac_cv_prog_make_make_set=yes
am_cv_CC_dependencies_compiler_type=gcc3
am_cv_CXX_dependencies_compiler_type=gcc3
lt_cv_deplibs_check_method=pass_all
lt_cv_file_magic_cmd='$MAGIC_CMD'
lt_cv_file_magic_test_file=
lt_cv_ld_reload_flag=-r
lt_cv_nm_interface='BSD nm'
lt_cv_objdir=.libs
lt_cv_path_LD=/usr/bin/ld
lt_cv_path_LDCXX=/usr/bin/ld
lt_cv_path_NM='/usr/bin/nm -B'
lt_cv_prog_compiler_c_o=yes
lt_cv_prog_compiler_c_o_CXX=yes
lt_cv_prog_compiler_pic_works=yes
lt_cv_prog_compiler_pic_works_CXX=yes
lt_cv_prog_compiler_rtti_exceptions=no
lt_cv_prog_compiler_static_works=yes
lt_cv_prog_compiler_static_works_CXX=yes
lt_cv_prog_gnu_ld=yes
lt_cv_prog_gnu_ldcxx=yes
lt_cv_sys_global_symbol_pipe='sed -n -e '\''s/^.*[	 ]\([ABCDGIRSTW][ABCDGIRSTW]*\)[	 ][	 ]*\([_A-Za-z][_A-Za-z0-9]*\)$/\1 \2 \2/p'\'''
lt_cv_sys_global_symbol_to_c_name_address='sed -n -e '\''s/^: \([^ ]*\) $/  {\"\1\", (void *) 0},/p'\'' -e '\''s/^[ABCDGIRSTW]* \([^ ]*\) \([^ ]*\)$/  {"\2", (void *) \&\2},/p'\'''
lt_cv_sys_global_symbol_to_c_name_address_lib_prefix='sed -n -e '\''s/^: \([^ ]*\) $/  {\"\1\", (void *) 0},/p'\'' -e '\''s/^[ABCDGIRSTW]* \([^ ]*\) \(lib[^ ]*\)$/  {"\2", (void *) \&\2},/p'\'' -e '\''s/^[ABCDGIRSTW]* \([^ ]*\) \([^ ]*\)$/  {"lib\2", (void *) \&\2},/p'\'''
lt_cv_sys_global_symbol_to_cdecl='sed -n -e '\''s/^T .* \(.*\)$/extern int \1();/p'\'' -e '\''s/^[ABCDGIRSTW]* .* \(.*\)$/extern char \1;/p'\'''
lt_cv_sys_max_cmd_len=98304

## ----------------- ##
## Output variables. ##
## ----------------- ##

ACLOCAL='${SHELL} /root/nxcl_samba/nxcl/missing --run aclocal-1.10'
AMDEPBACKSLASH='\'
AMDEP_FALSE='#'
AMDEP_TRUE=''
AMTAR='${SHELL} /root/nxcl_samba/nxcl/missing --run tar'
AR='ar'
AUTOCONF='${SHELL} /root/nxcl_samba/nxcl/missing --run autoconf'
AUTOHEADER='${SHELL} /root/nxcl_samba/nxcl/missing --run autoheader'
AUTOMAKE='${SHELL} /root/nxcl_samba/nxcl/missing --run automake-1.10'
AWK='gawk'
CC='gcc'
CCDEPMODE='depmode=gcc3'
CFLAGS='-g -O2'
CPP='gcc -E'
CPPFLAGS=''
CXX='g++'
CXXCPP='g++ -E'
CXXDEPMODE='depmode=gcc3'
CXXFLAGS='-Wall -g -O2'
CYGPATH_W='echo'
DBUS_CFLAGS=''
DBUS_LIBS=''
DEBUG_FALSE=''
DEBUG_TRUE='#'
DEFS='-DHAVE_CONFIG_H'
DEPDIR='.deps'
DOXYGEN='doxygen'
DSYMUTIL=''
DUMPBIN=''
ECHO_C=''
ECHO_N='-n'
ECHO_T=''
EGREP='/bin/grep -E'
EXEEXT=''
FGREP='/bin/grep -F'
GREP='/bin/grep'
INSTALL_DATA='${INSTALL} -m 644'
INSTALL_PROGRAM='${INSTALL}'
INSTALL_SCRIPT='${INSTALL}'
INSTALL_STRIP_PROGRAM='$(install_sh) -c -s'
LD='/usr/bin/ld'
LDFLAGS=''
LIBOBJS=''
LIBS=''
LIBTOOL='$(SHELL) $(top_builddir)/libtool'
LIPO=''
LN_S='ln -s'
LTLIBOBJS=''
MAINT='#'
MAINTAINER_MODE_FALSE=''
MAINTAINER_MODE_TRUE='#'
MAKEINFO='${SHELL} /root/nxcl_samba/nxcl/missing --run makeinfo'
NM='/usr/bin/nm -B'
NMEDIT=''
OBJDUMP='objdump'
OBJEXT='o'
OTOOL64=''
OTOOL=''
PACKAGE='nxcl'
PACKAGE_BUGREPORT='seb@esfnet.co.uk'
PACKAGE_CFLAGS=''
PACKAGE_LIBS=''
PACKAGE_NAME='nxcl'
PACKAGE_STRING='nxcl 1.0'
PACKAGE_TARNAME='nxcl'
PACKAGE_VERSION='1.0'
PATH_SEPARATOR=':'
PKG_CONFIG='/usr/bin/pkg-config'
RANLIB='ranlib'
SED='/bin/sed'
SET_MAKE=''
SHELL='/bin/bash'
STRIP='strip'
VERSION='1.0'
WITH_DOXYGEN_FALSE='#'
WITH_DOXYGEN_TRUE=''
WITH_NXCMD_FALSE=''
WITH_NXCMD_TRUE='#'
ac_ct_CC='gcc'
ac_ct_CXX='g++'
ac_ct_DUMPBIN=''
am__fastdepCC_FALSE='#'
am__fastdepCC_TRUE=''
am__fastdepCXX_FALSE='#'
am__fastdepCXX_TRUE=''
am__include='include'
am__isrc=''
am__leading_dot='.'
am__quote=''
am__tar='${AMTAR} chof - "$$tardir"'
am__untar='${AMTAR} xf -'
bindir='${exec_prefix}/bin'
build='i686-pc-linux-gnu'
build_alias=''
build_cpu='i686'
build_os='linux-gnu'
build_vendor='pc'
datadir='${datarootdir}'
datarootdir='${prefix}/share'
docdir='${datarootdir}/doc/${PACKAGE_TARNAME}'
dvidir='${docdir}'
exec_prefix='${prefix}'
host='i686-pc-linux-gnu'
host_alias=''
host_cpu='i686'
host_os='linux-gnu'
host_vendor='pc'
htmldir='${docdir}'
includedir='${prefix}/include'
infodir='${datarootdir}/info'
install_sh='$(SHELL) /root/nxcl_samba/nxcl/install-sh'
libdir='${exec_prefix}/lib'
libexecdir='${exec_prefix}/libexec'
localedir='${datarootdir}/locale'
localstatedir='${prefix}/var'
lt_ECHO='echo'
mandir='${datarootdir}/man'
mkdir_p='/bin/mkdir -p'
oldincludedir='/usr/include'
pdfdir='${docdir}'
prefix='/root/nxcl_samba/nxcl/DEBS/nxcl'
program_transform_name='s,x,x,'
psdir='${docdir}'
sbindir='${exec_prefix}/sbin'
sharedstatedir='${prefix}/com'
sysconfdir='${prefix}/etc'
target_alias=''

## ----------- ##
## confdefs.h. ##
## ----------- ##

#define PACKAGE_NAME "nxcl"
#define PACKAGE_TARNAME "nxcl"
#define PACKAGE_VERSION "1.0"
#define PACKAGE_STRING "nxcl 1.0"
#define PACKAGE_BUGREPORT "seb@esfnet.co.uk"
#define PACKAGE "nxcl"
#define VERSION "1.0"
#define STDC_HEADERS 1
#define HAVE_SYS_TYPES_H 1
#define HAVE_SYS_STAT_H 1
#define HAVE_STDLIB_H 1
#define HAVE_STRING_H 1
#define HAVE_MEMORY_H 1
#define HAVE_STRINGS_H 1
#define HAVE_INTTYPES_H 1
#define HAVE_STDINT_H 1
#define HAVE_UNISTD_H 1
#define HAVE_DLFCN_H 1
#define LT_OBJDIR ".libs/"
#define STDC_HEADERS 1
#define TIME_WITH_SYS_TIME 1
#define HAVE_STRFTIME 1
#define HAVE_GETTIMEOFDAY 1
#define HAVE_UNAME 1
#define HOST "i686-pc-linux-gnu"
#define NXCL_CYGWIN 0
#define NXCL_DARWIN 0

configure: exit 0
